[2m2017-07-26 13:44:06.887[0;39m [32m INFO[0;39m Starting RepApiApplication on alfa_gemini with PID 5500 (C:\newApp\administrativopdv1\server\api\target\classes started by juliano.ezequiel in C:\newApp\administrativopdv1\server\api)
[2m2017-07-26 13:44:06.920[0;39m [32m INFO[0;39m No active profile set, falling back to default profiles: default
[2m2017-07-26 13:44:07.373[0;39m [32m INFO[0;39m Refreshing org.springframework.boot.context.embedded.AnnotationConfigEmbeddedWebApplicationContext@7eefe4ce: startup date [Wed Jul 26 13:44:07 BRT 2017]; root of context hierarchy
[2m2017-07-26 13:44:13.039[0;39m [32m INFO[0;39m Bean 'org.springframework.transaction.annotation.ProxyTransactionManagementConfiguration' of type [class org.springframework.transaction.annotation.ProxyTransactionManagementConfiguration$$EnhancerBySpringCGLIB$$b847410] is not eligible for getting processed by all BeanPostProcessors (for example: not eligible for auto-proxying)
[2m2017-07-26 13:44:13.991[0;39m [32m INFO[0;39m Tomcat initialized with port(s): 80 (http)
[2m2017-07-26 13:44:14.003[0;39m [32m INFO[0;39m Starting service Tomcat
[2m2017-07-26 13:44:14.004[0;39m [32m INFO[0;39m Starting Servlet Engine: Apache Tomcat/8.5.6
[2m2017-07-26 13:44:14.178[0;39m [32m INFO[0;39m Initializing Spring embedded WebApplicationContext
[2m2017-07-26 13:44:14.178[0;39m [32m INFO[0;39m Root WebApplicationContext: initialization completed in 6805 ms
[2m2017-07-26 13:44:14.861[0;39m [32m INFO[0;39m Building JPA container EntityManagerFactory for persistence unit 'default'
[2m2017-07-26 13:44:16.355[0;39m [33m WARN[0;39m Not loading a JDBC driver as driverClassName property is null.
[2m2017-07-26 13:44:17.726[0;39m [33m WARN[0;39m Not loading a JDBC driver as driverClassName property is null.
[2m2017-07-26 13:44:17.759[0;39m [33m WARN[0;39m Not loading a JDBC driver as driverClassName property is null.
[2m2017-07-26 13:44:17.806[0;39m [33m WARN[0;39m Not loading a JDBC driver as driverClassName property is null.
[2m2017-07-26 13:44:17.869[0;39m [33m WARN[0;39m Not loading a JDBC driver as driverClassName property is null.
[2m2017-07-26 13:44:17.931[0;39m [33m WARN[0;39m Not loading a JDBC driver as driverClassName property is null.
[2m2017-07-26 13:44:18.119[0;39m [33m WARN[0;39m Not loading a JDBC driver as driverClassName property is null.
[2m2017-07-26 13:44:18.353[0;39m [33m WARN[0;39m Not loading a JDBC driver as driverClassName property is null.
[2m2017-07-26 13:44:18.494[0;39m [33m WARN[0;39m Not loading a JDBC driver as driverClassName property is null.
[2m2017-07-26 13:44:18.494[0;39m [33m WARN[0;39m Not loading a JDBC driver as driverClassName property is null.
[2m2017-07-26 13:44:40.479[0;39m [32m INFO[0;39m Initialized JPA EntityManagerFactory for persistence unit 'default'
[2m2017-07-26 13:44:41.558[0;39m [32m INFO[0;39m Mapping filter: 'characterEncodingFilter' to: [/*]
[2m2017-07-26 13:44:41.559[0;39m [32m INFO[0;39m Mapping filter: 'hiddenHttpMethodFilter' to: [/*]
[2m2017-07-26 13:44:41.559[0;39m [32m INFO[0;39m Mapping filter: 'httpPutFormContentFilter' to: [/*]
[2m2017-07-26 13:44:41.559[0;39m [32m INFO[0;39m Mapping filter: 'requestContextFilter' to: [/*]
[2m2017-07-26 13:44:41.560[0;39m [32m INFO[0;39m Mapping filter: 'debugFilter' to urls: [/*]
[2m2017-07-26 13:44:41.560[0;39m [32m INFO[0;39m Mapping filter: 'tokenFilter' to urls: [/restrict/*]
[2m2017-07-26 13:44:41.561[0;39m [32m INFO[0;39m Mapping servlet: 'dispatcherServlet' to [/]
[2m2017-07-26 13:44:45.378[0;39m [32m INFO[0;39m Looking for @ControllerAdvice: org.springframework.boot.context.embedded.AnnotationConfigEmbeddedWebApplicationContext@7eefe4ce: startup date [Wed Jul 26 13:44:07 BRT 2017]; root of context hierarchy
[2m2017-07-26 13:44:45.992[0;39m [32m INFO[0;39m Mapped "{[/agendarTarefa/info],methods=[GET],produces=[application/json;charset=UTF-8]}" onto public com.api.rep.entity.Tarefa com.api.rep.rest.AgendarTarefa.info() throws com.api.rep.service.ServiceException
[2m2017-07-26 13:44:45.993[0;39m [32m INFO[0;39m Mapped "{[/agendarTarefa/coletadump],methods=[POST],consumes=[application/json;charset=UTF-8]}" onto public com.api.rep.entity.Tarefa com.api.rep.rest.AgendarTarefa.coletaCmd(com.api.rep.dto.comandos.ColetaDumpCmd) throws com.api.rep.service.ServiceException
[2m2017-07-26 13:44:45.994[0;39m [32m INFO[0;39m Mapped "{[/agendarTarefa/coleta],methods=[POST],consumes=[application/json;charset=UTF-8]}" onto public com.api.rep.entity.Tarefa com.api.rep.rest.AgendarTarefa.coletaCmd(com.api.rep.dto.comandos.ColetaCmd) throws com.api.rep.service.ServiceException
[2m2017-07-26 13:44:45.994[0;39m [32m INFO[0;39m Mapped "{[/agendarTarefa/empregado/{operacao}],methods=[POST],consumes=[application/json;charset=UTF-8]}" onto public com.api.rep.entity.Tarefa com.api.rep.rest.AgendarTarefa.empregado(com.api.rep.dto.comandos.EmpregadoCmd,java.lang.String) throws com.api.rep.service.ServiceException
[2m2017-07-26 13:44:45.995[0;39m [32m INFO[0;39m Mapped "{[/agendarTarefa/empregador/{operacao}],methods=[POST],consumes=[application/json;charset=UTF-8]}" onto public com.api.rep.entity.Tarefa com.api.rep.rest.AgendarTarefa.empregador(com.api.rep.dto.comandos.EmpregadorCmd,java.lang.String) throws com.api.rep.service.ServiceException
[2m2017-07-26 13:44:45.995[0;39m [32m INFO[0;39m Mapped "{[/agendarTarefa/rede/{operacao}],methods=[POST],consumes=[application/json;charset=UTF-8]}" onto public com.api.rep.entity.Tarefa com.api.rep.rest.AgendarTarefa.rede(com.api.rep.dto.comandos.ConfiguracoesRedeCmd,java.lang.String) throws com.api.rep.service.ServiceException
[2m2017-07-26 13:44:45.995[0;39m [32m INFO[0;39m Mapped "{[/agendarTarefa/ajustebio/{operacao}],methods=[POST],consumes=[application/json;charset=UTF-8]}" onto public com.api.rep.entity.Tarefa com.api.rep.rest.AgendarTarefa.ajusteBio(com.api.rep.dto.comandos.AjustesBioCmd,java.lang.String) throws com.api.rep.service.ServiceException
[2m2017-07-26 13:44:45.996[0;39m [32m INFO[0;39m Mapped "{[/agendarTarefa/cartoes/{operacao}],methods=[POST],consumes=[application/json;charset=UTF-8]}" onto public com.api.rep.entity.Tarefa com.api.rep.rest.AgendarTarefa.cartoes(com.api.rep.dto.comandos.ConfiguracoesCartoesCmd,java.lang.String) throws com.api.rep.service.ServiceException
[2m2017-07-26 13:44:45.996[0;39m [32m INFO[0;39m Mapped "{[/agendarTarefa/excluirtarefas],methods=[GET]}" onto public void com.api.rep.rest.AgendarTarefa.excluirtarefas()
[2m2017-07-26 13:44:45.997[0;39m [32m INFO[0;39m Mapped "{[/agendarTarefa/atualizarfirmware],methods=[GET],produces=[application/json;charset=UTF-8]}" onto public com.api.rep.entity.Tarefa com.api.rep.rest.AgendarTarefa.atualizarFw() throws com.api.rep.service.ServiceException
[2m2017-07-26 13:44:45.997[0;39m [32m INFO[0;39m Mapped "{[/agendarTarefa/atualizarpaginas],methods=[GET],produces=[application/json;charset=UTF-8]}" onto public com.api.rep.entity.Tarefa com.api.rep.rest.AgendarTarefa.atualizarPaginas() throws com.api.rep.service.ServiceException
[2m2017-07-26 13:44:45.998[0;39m [32m INFO[0;39m Mapped "{[/agendarTarefa/listabiometria],methods=[GET]}" onto public com.api.rep.entity.Tarefa com.api.rep.rest.AgendarTarefa.listabiometria() throws com.api.rep.service.ServiceException
[2m2017-07-26 13:44:45.998[0;39m [32m INFO[0;39m Mapped "{[/agendarTarefa/relogio/{operacao}],methods=[POST],consumes=[application/json;charset=UTF-8]}" onto public com.api.rep.entity.Tarefa com.api.rep.rest.AgendarTarefa.relogio(com.api.rep.dto.comandos.RelogioCmd,java.lang.String) throws com.api.rep.service.ServiceException
[2m2017-07-26 13:44:45.998[0;39m [32m INFO[0;39m Mapped "{[/agendarTarefa/identificadores],methods=[GET],produces=[application/json;charset=UTF-8]}" onto public com.api.rep.entity.Tarefa com.api.rep.rest.AgendarTarefa.identificadores() throws com.api.rep.service.ServiceException
[2m2017-07-26 13:44:45.999[0;39m [32m INFO[0;39m Mapped "{[/agendarTarefa/biometria/{operacao}],methods=[POST],consumes=[application/json;charset=UTF-8]}" onto public com.api.rep.entity.Tarefa com.api.rep.rest.AgendarTarefa.biometria(com.api.rep.dto.comandos.UsuarioBioCmd,java.lang.String) throws com.api.rep.service.ServiceException
[2m2017-07-26 13:44:45.999[0;39m [32m INFO[0;39m Mapped "{[/agendarTarefa/atualizarfirmwaretodos],methods=[GET],produces=[application/json;charset=UTF-8]}" onto public void com.api.rep.rest.AgendarTarefa.atualizarFwTodos() throws com.api.rep.service.ServiceException
[2m2017-07-26 13:44:45.999[0;39m [32m INFO[0;39m Mapped "{[/agendarTarefa/verificacao],methods=[GET],produces=[application/json;charset=UTF-8]}" onto public com.api.rep.entity.Tarefa com.api.rep.rest.AgendarTarefa.verificacao() throws com.api.rep.service.ServiceException
[2m2017-07-26 13:44:45.999[0;39m [32m INFO[0;39m Mapped "{[/agendarTarefa/configwebserve/{operacao}],methods=[POST],consumes=[application/json;charset=UTF-8]}" onto public com.api.rep.entity.Tarefa com.api.rep.rest.AgendarTarefa.configWebServer(com.api.rep.dto.comandos.ConfiguracacoesWebServerCmd,java.lang.String) throws com.api.rep.service.ServiceException
[2m2017-07-26 13:44:46.000[0;39m [32m INFO[0;39m Mapped "{[/agendarTarefa/configuracoes/senha/{operacao}],methods=[POST],consumes=[application/json;charset=UTF-8]}" onto public com.api.rep.entity.Tarefa com.api.rep.rest.AgendarTarefa.configSenha(com.api.rep.dto.comandos.ConfiguracaoSenhaCmd,java.lang.String) throws com.api.rep.service.ServiceException
[2m2017-07-26 13:44:46.000[0;39m [32m INFO[0;39m Mapped "{[/agendarTarefa/listaempregados],methods=[GET]}" onto public com.api.rep.entity.Tarefa com.api.rep.rest.AgendarTarefa.listaempregados() throws com.api.rep.service.ServiceException
[2m2017-07-26 13:44:46.000[0;39m [32m INFO[0;39m Mapped "{[/agendarTarefa/horarioverao/{operacao}],methods=[POST],consumes=[application/json;charset=UTF-8]}" onto public com.api.rep.entity.Tarefa com.api.rep.rest.AgendarTarefa.horarioverao(com.api.rep.dto.comandos.HorarioVeraoCmd,java.lang.String) throws com.api.rep.service.ServiceException
[2m2017-07-26 13:44:46.001[0;39m [32m INFO[0;39m Mapped "{[/agendarTarefa/listabiometriacomdigitais],methods=[GET]}" onto public com.api.rep.entity.Tarefa com.api.rep.rest.AgendarTarefa.listabiometriacomdigitais() throws com.api.rep.service.ServiceException
[2m2017-07-26 13:44:46.001[0;39m [32m INFO[0;39m Mapped "{[/agendarTarefa/listaempregadosdump/{operacao}],methods=[POST]}" onto public com.api.rep.entity.Tarefa com.api.rep.rest.AgendarTarefa.listaempreagadosdump(java.lang.String) throws com.api.rep.service.ServiceException
[2m2017-07-26 13:44:46.001[0;39m [32m INFO[0;39m Mapped "{[/agendarTarefa/atualizarpaginastodos],methods=[GET],produces=[application/json;charset=UTF-8]}" onto public void com.api.rep.rest.AgendarTarefa.atualizarPaginasTodos() throws com.api.rep.service.ServiceException
[2m2017-07-26 13:44:46.007[0;39m [32m INFO[0;39m Mapped "{[/agendarTarefaMultRep/info/{numSerie}],methods=[GET],produces=[application/json;charset=UTF-8]}" onto public com.api.rep.entity.Tarefa com.api.rep.rest.AgendarTarefaMultRep.info(java.lang.String) throws com.api.rep.service.ServiceException
[2m2017-07-26 13:44:46.007[0;39m [32m INFO[0;39m Mapped "{[/agendarTarefaMultRep/coletadump/{numSerie}],methods=[POST],consumes=[application/json;charset=UTF-8]}" onto public com.api.rep.entity.Tarefa com.api.rep.rest.AgendarTarefaMultRep.coletaCmd(java.lang.String,com.api.rep.dto.comandos.ColetaDumpCmd) throws com.api.rep.service.ServiceException
[2m2017-07-26 13:44:46.008[0;39m [32m INFO[0;39m Mapped "{[/agendarTarefaMultRep/coleta/{numSerie}],methods=[POST],consumes=[application/json;charset=UTF-8]}" onto public com.api.rep.entity.Tarefa com.api.rep.rest.AgendarTarefaMultRep.coletaCmd(java.lang.String,com.api.rep.dto.comandos.ColetaCmd) throws com.api.rep.service.ServiceException
[2m2017-07-26 13:44:46.008[0;39m [32m INFO[0;39m Mapped "{[/agendarTarefaMultRep/empregado/{operacao}/{numSerie}],methods=[POST],consumes=[application/json;charset=UTF-8]}" onto public com.api.rep.entity.Tarefa com.api.rep.rest.AgendarTarefaMultRep.empregado(java.lang.String,com.api.rep.dto.comandos.EmpregadoCmd,java.lang.String) throws com.api.rep.service.ServiceException
[2m2017-07-26 13:44:46.009[0;39m [32m INFO[0;39m Mapped "{[/agendarTarefaMultRep/empregador/{operacao}/{numSerie}],methods=[POST],consumes=[application/json;charset=UTF-8]}" onto public com.api.rep.entity.Tarefa com.api.rep.rest.AgendarTarefaMultRep.empregador(java.lang.String,com.api.rep.dto.comandos.EmpregadorCmd,java.lang.String) throws com.api.rep.service.ServiceException
[2m2017-07-26 13:44:46.009[0;39m [32m INFO[0;39m Mapped "{[/agendarTarefaMultRep/rede/{operacao}/{numSerie}],methods=[POST],consumes=[application/json;charset=UTF-8]}" onto public com.api.rep.entity.Tarefa com.api.rep.rest.AgendarTarefaMultRep.rede(java.lang.String,com.api.rep.dto.comandos.ConfiguracoesRedeCmd,java.lang.String) throws com.api.rep.service.ServiceException
[2m2017-07-26 13:44:46.009[0;39m [32m INFO[0;39m Mapped "{[/agendarTarefaMultRep/ajustebio/{operacao}/{numSerie}],methods=[POST],consumes=[application/json;charset=UTF-8]}" onto public com.api.rep.entity.Tarefa com.api.rep.rest.AgendarTarefaMultRep.ajusteBio(java.lang.String,com.api.rep.dto.comandos.AjustesBioCmd,java.lang.String) throws com.api.rep.service.ServiceException
[2m2017-07-26 13:44:46.010[0;39m [32m INFO[0;39m Mapped "{[/agendarTarefaMultRep/cartoes/{operacao}/{numSerie}],methods=[POST],consumes=[application/json;charset=UTF-8]}" onto public com.api.rep.entity.Tarefa com.api.rep.rest.AgendarTarefaMultRep.cartoes(java.lang.String,com.api.rep.dto.comandos.ConfiguracoesCartoesCmd,java.lang.String) throws com.api.rep.service.ServiceException
[2m2017-07-26 13:44:46.010[0;39m [32m INFO[0;39m Mapped "{[/agendarTarefaMultRep/atualizarfirmware/{numSerie}],methods=[GET],produces=[application/json;charset=UTF-8]}" onto public com.api.rep.entity.Tarefa com.api.rep.rest.AgendarTarefaMultRep.atualizarFw(java.lang.String) throws com.api.rep.service.ServiceException
[2m2017-07-26 13:44:46.010[0;39m [32m INFO[0;39m Mapped "{[/agendarTarefaMultRep/atualizarpaginas/{numSerie}],methods=[GET],produces=[application/json;charset=UTF-8]}" onto public com.api.rep.entity.Tarefa com.api.rep.rest.AgendarTarefaMultRep.atualizarPaginas(java.lang.String) throws com.api.rep.service.ServiceException
[2m2017-07-26 13:44:46.011[0;39m [32m INFO[0;39m Mapped "{[/agendarTarefaMultRep/listabiometria/{numSerie}],methods=[GET]}" onto public com.api.rep.entity.Tarefa com.api.rep.rest.AgendarTarefaMultRep.listabiometria(java.lang.String) throws com.api.rep.service.ServiceException
[2m2017-07-26 13:44:46.011[0;39m [32m INFO[0;39m Mapped "{[/agendarTarefaMultRep/relogio/{operacao}/{numSerie}],methods=[POST],consumes=[application/json;charset=UTF-8]}" onto public com.api.rep.entity.Tarefa com.api.rep.rest.AgendarTarefaMultRep.relogio(java.lang.String,com.api.rep.dto.comandos.RelogioCmd,java.lang.String) throws com.api.rep.service.ServiceException
[2m2017-07-26 13:44:46.012[0;39m [32m INFO[0;39m Mapped "{[/agendarTarefaMultRep/identificadores/{numSerie}],methods=[GET],produces=[application/json;charset=UTF-8]}" onto public com.api.rep.entity.Tarefa com.api.rep.rest.AgendarTarefaMultRep.identificadores(java.lang.String) throws com.api.rep.service.ServiceException
[2m2017-07-26 13:44:46.012[0;39m [32m INFO[0;39m Mapped "{[/agendarTarefaMultRep/biometria/{operacao}/{numSerie}],methods=[POST],consumes=[application/json;charset=UTF-8]}" onto public com.api.rep.entity.Tarefa com.api.rep.rest.AgendarTarefaMultRep.biometria(java.lang.String,com.api.rep.dto.comandos.EmpregadoCmd,java.lang.String) throws com.api.rep.service.ServiceException
[2m2017-07-26 13:44:46.012[0;39m [32m INFO[0;39m Mapped "{[/agendarTarefaMultRep/atualizarfirmwaretodos],methods=[GET],produces=[application/json;charset=UTF-8]}" onto public void com.api.rep.rest.AgendarTarefaMultRep.atualizarFwTodos() throws com.api.rep.service.ServiceException
[2m2017-07-26 13:44:46.013[0;39m [32m INFO[0;39m Mapped "{[/agendarTarefaMultRep/verificacao/{numSerie}],methods=[GET],produces=[application/json;charset=UTF-8]}" onto public com.api.rep.entity.Tarefa com.api.rep.rest.AgendarTarefaMultRep.verificacao(java.lang.String) throws com.api.rep.service.ServiceException
[2m2017-07-26 13:44:46.013[0;39m [32m INFO[0;39m Mapped "{[/agendarTarefaMultRep/configwebserve/{operacao}/{numSerie}],methods=[POST],consumes=[application/json;charset=UTF-8]}" onto public com.api.rep.entity.Tarefa com.api.rep.rest.AgendarTarefaMultRep.configWebServer(java.lang.String,com.api.rep.dto.comandos.ConfiguracacoesWebServerCmd,java.lang.String) throws com.api.rep.service.ServiceException
[2m2017-07-26 13:44:46.013[0;39m [32m INFO[0;39m Mapped "{[/agendarTarefaMultRep/configuracoes/senha/{operacao}/{numSerie}],methods=[POST],consumes=[application/json;charset=UTF-8]}" onto public com.api.rep.entity.Tarefa com.api.rep.rest.AgendarTarefaMultRep.configSenha(java.lang.String,com.api.rep.dto.comandos.ConfiguracaoSenhaCmd,java.lang.String) throws com.api.rep.service.ServiceException
[2m2017-07-26 13:44:46.014[0;39m [32m INFO[0;39m Mapped "{[/agendarTarefaMultRep/listaempregados/{numSerie}],methods=[GET]}" onto public com.api.rep.entity.Tarefa com.api.rep.rest.AgendarTarefaMultRep.listaempregados(java.lang.String) throws com.api.rep.service.ServiceException
[2m2017-07-26 13:44:46.014[0;39m [32m INFO[0;39m Mapped "{[/agendarTarefaMultRep/horarioverao/{operacao}/{numSerie}],methods=[POST],consumes=[application/json;charset=UTF-8]}" onto public com.api.rep.entity.Tarefa com.api.rep.rest.AgendarTarefaMultRep.horarioverao(java.lang.String,com.api.rep.dto.comandos.HorarioVeraoCmd,java.lang.String) throws com.api.rep.service.ServiceException
[2m2017-07-26 13:44:46.014[0;39m [32m INFO[0;39m Mapped "{[/agendarTarefaMultRep/listabiometriacomdigitais/{numSerie}],methods=[GET]}" onto public com.api.rep.entity.Tarefa com.api.rep.rest.AgendarTarefaMultRep.listabiometriacomdigitais(java.lang.String) throws com.api.rep.service.ServiceException
[2m2017-07-26 13:44:46.014[0;39m [32m INFO[0;39m Mapped "{[/agendarTarefaMultRep/listaempregadosdump/{operacao}/{numSerie}],methods=[POST]}" onto public com.api.rep.entity.Tarefa com.api.rep.rest.AgendarTarefaMultRep.listaempreagadosdump(java.lang.String,java.lang.String) throws com.api.rep.service.ServiceException
[2m2017-07-26 13:44:46.015[0;39m [32m INFO[0;39m Mapped "{[/agendarTarefaMultRep/atualizarpaginastodos],methods=[GET],produces=[application/json;charset=UTF-8]}" onto public void com.api.rep.rest.AgendarTarefaMultRep.atualizarPaginasTodos() throws com.api.rep.service.ServiceException
[2m2017-07-26 13:44:46.015[0;39m [32m INFO[0;39m Mapped "{[/agendarTarefaMultRep/enviarlistabiometriacomdigitais/{numSerie}],methods=[GET]}" onto public org.springframework.http.ResponseEntity<?> com.api.rep.rest.AgendarTarefaMultRep.enviarlistabiometriacomdigitais(java.lang.String) throws com.api.rep.service.ServiceException
[2m2017-07-26 13:44:46.016[0;39m [32m INFO[0;39m Mapped "{[/auth/sign],methods=[POST],consumes=[application/json;charset=UTF-8],produces=[application/json;charset=UTF-8]}" onto public org.springframework.http.ResponseEntity<com.api.rep.dto.comunicacao.TokenDTO> com.api.rep.rest.auth.AuthRestController.autenticar(com.api.rep.dto.comunicacao.RepDTO) throws com.api.rep.service.ServiceException
[2m2017-07-26 13:44:46.017[0;39m [32m INFO[0;39m Mapped "{[/auth],methods=[POST],consumes=[application/json;charset=UTF-8],produces=[application/json;charset=UTF-8]}" onto public org.springframework.http.ResponseEntity<com.api.rep.dto.comunicacao.CriptoRnd> com.api.rep.rest.auth.AuthRestController.criptoRnd(com.api.rep.dto.comunicacao.RepDTO) throws com.api.rep.service.ServiceException
[2m2017-07-26 13:44:46.019[0;39m [32m INFO[0;39m Mapped "{[/restrict/atualizarpaginas/{nsu}],methods=[GET],produces=[multipart/form-data]}" onto public org.springframework.http.ResponseEntity<?> com.api.rep.rest.comandos.AtualizarFirmwareRestController.enviarPaginas(java.lang.Integer) throws com.api.rep.service.ServiceException
[2m2017-07-26 13:44:46.019[0;39m [32m INFO[0;39m Mapped "{[/enviar/arquivos],methods=[POST],consumes=[multipart/form-data],produces=[text/plain]}" onto public org.springframework.http.ResponseEntity<?> com.api.rep.rest.comandos.AtualizarFirmwareRestController.uploadArquivo(java.lang.String,org.springframework.web.multipart.MultipartFile) throws com.api.rep.service.ServiceException
[2m2017-07-26 13:44:46.020[0;39m [32m INFO[0;39m Mapped "{[/restrict/atualizarfw/{nsu}],methods=[GET],produces=[multipart/form-data]}" onto public org.springframework.http.ResponseEntity<?> com.api.rep.rest.comandos.AtualizarFirmwareRestController.enviarFirmware(java.lang.Integer) throws com.api.rep.service.ServiceException
[2m2017-07-26 13:44:46.024[0;39m [32m INFO[0;39m Mapped "{[/restrict/empregado/bio/{nsu}],methods=[GET],produces=[multipart/form-data]}" onto public org.springframework.http.ResponseEntity<?> com.api.rep.rest.comandos.BiometriaRestController.enviar(java.lang.Integer) throws com.api.rep.service.ServiceException,java.io.IOException
[2m2017-07-26 13:44:46.026[0;39m [32m INFO[0;39m Mapped "{[/listabio],methods=[GET],produces=[application/json;charset=UTF-8]}" onto public org.springframework.http.ResponseEntity<?> com.api.rep.rest.comandos.BiometriaRestController.receberListaBio() throws com.api.rep.service.ServiceException,com.fasterxml.jackson.core.JsonProcessingException
[2m2017-07-26 13:44:46.027[0;39m [32m INFO[0;39m Mapped "{[/restrict/empregado/listabio],methods=[POST],consumes=[multipart/form-data]}" onto public org.springframework.http.ResponseEntity<?> com.api.rep.rest.comandos.BiometriaRestController.receberListaBio(org.springframework.web.multipart.MultipartFile) throws com.api.rep.service.ServiceException,java.io.IOException
[2m2017-07-26 13:44:46.028[0;39m [32m INFO[0;39m Mapped "{[/restrict/empregado/bio/{nsu}],methods=[POST],consumes=[multipart/form-data]}" onto public org.springframework.http.ResponseEntity<?> com.api.rep.rest.comandos.BiometriaRestController.receber(java.lang.Integer,org.springframework.web.multipart.MultipartFile) throws com.api.rep.service.ServiceException
[2m2017-07-26 13:44:46.028[0;39m [32m INFO[0;39m Mapped "{[/restrict/empregado/lista/digitais],methods=[POST],consumes=[multipart/form-data]}" onto public org.springframework.http.ResponseEntity<?> com.api.rep.rest.comandos.BiometriaRestController.receberListaBioAgendarDigitais(org.springframework.web.multipart.MultipartFile) throws com.api.rep.service.ServiceException,java.io.IOException
[2m2017-07-26 13:44:46.029[0;39m [32m INFO[0;39m Mapped "{[/coleta/total],methods=[GET],produces=[application/json;charset=UTF-8]}" onto public org.springframework.http.ResponseEntity<?> com.api.rep.rest.comandos.ColetaRestController.total() throws com.api.rep.service.ServiceException
[2m2017-07-26 13:44:46.030[0;39m [32m INFO[0;39m Mapped "{[/coleta],methods=[GET],produces=[application/json;charset=UTF-8]}" onto public org.springframework.http.ResponseEntity<java.util.Collection<com.api.rep.entity.Nsr>> com.api.rep.rest.comandos.ColetaRestController.bucarPorRep() throws com.api.rep.service.ServiceException
[2m2017-07-26 13:44:46.031[0;39m [32m INFO[0;39m Mapped "{[/restrict/coleta/dumping/{nsu}],methods=[POST],consumes=[multipart/form-data]}" onto public org.springframework.http.ResponseEntity<?> com.api.rep.rest.comandos.ColetaRestController.receberDumping(java.lang.Integer,org.springframework.web.multipart.MultipartFile) throws com.api.rep.service.ServiceException
[2m2017-07-26 13:44:46.031[0;39m [32m INFO[0;39m Mapped "{[/restrict/coleta],methods=[POST],consumes=[multipart/form-data]}" onto public org.springframework.http.ResponseEntity<?> com.api.rep.rest.comandos.ColetaRestController.receber(org.springframework.web.multipart.MultipartFile) throws com.api.rep.service.ServiceException
[2m2017-07-26 13:44:46.032[0;39m [32m INFO[0;39m Mapped "{[/coleta/removertodos],methods=[GET],produces=[application/json;charset=UTF-8]}" onto public org.springframework.http.ResponseEntity<?> com.api.rep.rest.comandos.ColetaRestController.excluirTodos() throws com.api.rep.service.ServiceException
[2m2017-07-26 13:44:46.032[0;39m [32m INFO[0;39m Mapped "{[/restrict/coleta],methods=[PUT],consumes=[application/json;charset=UTF-8]}" onto public org.springframework.http.ResponseEntity<?> com.api.rep.rest.comandos.ColetaRestController.statusColeta(com.api.rep.dto.comunicacao.StatusColetaDTO) throws com.api.rep.service.ServiceException
[2m2017-07-26 13:44:46.033[0;39m [32m INFO[0;39m Mapped "{[/coleta/cancelar],methods=[GET],produces=[application/json;charset=UTF-8]}" onto public org.springframework.http.ResponseEntity<?> com.api.rep.rest.comandos.ColetaRestController.cancelar() throws com.api.rep.service.ServiceException
[2m2017-07-26 13:44:46.035[0;39m [32m INFO[0;39m Mapped "{[/restrict/config/horarioverao],methods=[POST],consumes=[multipart/form-data]}" onto public org.springframework.http.ResponseEntity<?> com.api.rep.rest.comandos.ConfiguracacoesRestController.receberConfigHorarioVerao(org.springframework.web.multipart.MultipartFile) throws com.api.rep.service.ServiceException,java.io.IOException
[2m2017-07-26 13:44:46.036[0;39m [32m INFO[0;39m Mapped "{[/restrict/config/cartoes],methods=[POST],consumes=[multipart/form-data]}" onto public org.springframework.http.ResponseEntity<?> com.api.rep.rest.comandos.ConfiguracacoesRestController.receberConfigCartoes(org.springframework.web.multipart.MultipartFile) throws com.api.rep.service.ServiceException,java.io.IOException
[2m2017-07-26 13:44:46.036[0;39m [32m INFO[0;39m Mapped "{[/restrict/config/rede],methods=[POST],consumes=[multipart/form-data]}" onto public org.springframework.http.ResponseEntity<?> com.api.rep.rest.comandos.ConfiguracacoesRestController.receberConfigRede(org.springframework.web.multipart.MultipartFile) throws com.api.rep.service.ServiceException,java.io.IOException
[2m2017-07-26 13:44:46.036[0;39m [32m INFO[0;39m Mapped "{[/restrict/relogio],methods=[POST],consumes=[multipart/form-data]}" onto public org.springframework.http.ResponseEntity<?> com.api.rep.rest.comandos.ConfiguracacoesRestController.receberConfigRelogio(org.springframework.web.multipart.MultipartFile) throws com.api.rep.service.ServiceException,java.io.IOException
[2m2017-07-26 13:44:46.037[0;39m [32m INFO[0;39m Mapped "{[/restrict/empregado/ajustes],methods=[POST],consumes=[multipart/form-data]}" onto public org.springframework.http.ResponseEntity<?> com.api.rep.rest.comandos.ConfiguracacoesRestController.receberAjustesBio(org.springframework.web.multipart.MultipartFile) throws com.api.rep.service.ServiceException,java.io.IOException
[2m2017-07-26 13:44:46.038[0;39m [32m INFO[0;39m Mapped "{[/restrict/config/senha],methods=[POST],consumes=[multipart/form-data]}" onto public org.springframework.http.ResponseEntity<?> com.api.rep.rest.comandos.ConfiguracacoesRestController.receberConfigSenhas(org.springframework.web.multipart.MultipartFile) throws com.api.rep.service.ServiceException,java.io.IOException
[2m2017-07-26 13:44:46.038[0;39m [32m INFO[0;39m Mapped "{[/restrict/config/webserver],methods=[POST],consumes=[multipart/form-data]}" onto public org.springframework.http.ResponseEntity<?> com.api.rep.rest.comandos.ConfiguracacoesRestController.receberConfigWebServer(org.springframework.web.multipart.MultipartFile) throws com.api.rep.service.ServiceException,java.io.IOException
[2m2017-07-26 13:44:46.040[0;39m [32m INFO[0;39m Mapped "{[/restrict/empregado/lista/{nsu}],methods=[POST],consumes=[multipart/form-data]}" onto public org.springframework.http.ResponseEntity<?> com.api.rep.rest.comandos.EmpregadoRestController.receberDumping(java.lang.Integer,org.springframework.web.multipart.MultipartFile) throws com.api.rep.service.ServiceException
[2m2017-07-26 13:44:46.040[0;39m [32m INFO[0;39m Mapped "{[/restrict/empregado],methods=[POST],consumes=[multipart/form-data]}" onto public org.springframework.http.ResponseEntity<?> com.api.rep.rest.comandos.EmpregadoRestController.receber(org.springframework.web.multipart.MultipartFile) throws com.api.rep.service.ServiceException,com.fasterxml.jackson.core.JsonParseException,com.fasterxml.jackson.databind.JsonMappingException,java.io.IOException
[2m2017-07-26 13:44:46.041[0;39m [32m INFO[0;39m Mapped "{[/restrict/empregado/lista/{nsu}],methods=[GET],produces=[multipart/form-data]}" onto public org.springframework.http.ResponseEntity<?> com.api.rep.rest.comandos.EmpregadoRestController.enviarDump(java.lang.Integer) throws com.api.rep.service.ServiceException,java.io.IOException
[2m2017-07-26 13:44:46.041[0;39m [32m INFO[0;39m Mapped "{[/restrict/empregado/lista],methods=[POST],consumes=[multipart/form-data]}" onto public org.springframework.http.ResponseEntity<?> com.api.rep.rest.comandos.EmpregadoRestController.receberLista(org.springframework.web.multipart.MultipartFile) throws com.api.rep.service.ServiceException,com.fasterxml.jackson.core.JsonParseException,com.fasterxml.jackson.databind.JsonMappingException,java.io.IOException
[2m2017-07-26 13:44:46.042[0;39m [32m INFO[0;39m Mapped "{[/restrict/empregado],methods=[GET],consumes=[application/json;charset=UTF-8]}" onto public org.springframework.http.ResponseEntity<java.util.Collection<com.api.rep.entity.Empregado>> com.api.rep.rest.comandos.EmpregadoRestController.buscarTodos()
[2m2017-07-26 13:44:46.044[0;39m [32m INFO[0;39m Mapped "{[/restrict/empregador/cadastro],methods=[POST],consumes=[application/json;charset=UTF-8]}" onto public org.springframework.http.ResponseEntity<com.api.rep.entity.Empregador> com.api.rep.rest.comandos.EmpregadorRestController.salvar(com.api.rep.entity.Empregador) throws com.api.rep.service.ServiceException
[2m2017-07-26 13:44:46.045[0;39m [32m INFO[0;39m Mapped "{[/restrict/empregador/cadastro],methods=[PUT],consumes=[application/json;charset=UTF-8]}" onto public org.springframework.http.ResponseEntity<com.api.rep.entity.Empregador> com.api.rep.rest.comandos.EmpregadorRestController.atualizar(com.api.rep.entity.Empregador) throws com.api.rep.service.ServiceException
[2m2017-07-26 13:44:46.045[0;39m [32m INFO[0;39m Mapped "{[/restrict/empregador],methods=[POST],consumes=[multipart/form-data]}" onto public org.springframework.http.ResponseEntity<?> com.api.rep.rest.comandos.EmpregadorRestController.receber(org.springframework.web.multipart.MultipartFile) throws com.api.rep.service.ServiceException,com.fasterxml.jackson.core.JsonParseException,com.fasterxml.jackson.databind.JsonMappingException,java.io.IOException
[2m2017-07-26 13:44:46.045[0;39m [32m INFO[0;39m Mapped "{[/restrict/empregador/cadastro/{id}],methods=[DELETE],consumes=[application/json;charset=UTF-8]}" onto public org.springframework.http.ResponseEntity<java.lang.String> com.api.rep.rest.comandos.EmpregadorRestController.excluir(java.lang.Integer) throws com.api.rep.service.ServiceException
[2m2017-07-26 13:44:46.046[0;39m [32m INFO[0;39m Mapped "{[/restrict/empregador],methods=[GET],consumes=[application/json;charset=UTF-8]}" onto public org.springframework.http.ResponseEntity<java.util.Collection<com.api.rep.entity.Empregador>> com.api.rep.rest.comandos.EmpregadorRestController.buscarTodos()
[2m2017-07-26 13:44:46.047[0;39m [32m INFO[0;39m Mapped "{[/restrict/identificacao],methods=[POST],consumes=[multipart/form-data]}" onto public org.springframework.http.ResponseEntity<?> com.api.rep.rest.comandos.IdentificadoresRestController.receberConfigIdentificadores(org.springframework.web.multipart.MultipartFile) throws com.api.rep.service.ServiceException,java.io.IOException
[2m2017-07-26 13:44:46.048[0;39m [32m INFO[0;39m Mapped "{[/restrict/info],methods=[POST],consumes=[multipart/form-data]}" onto public org.springframework.http.ResponseEntity<?> com.api.rep.rest.comandos.InfoRestController.receberInfo(org.springframework.web.multipart.MultipartFile) throws com.api.rep.service.ServiceException,java.io.IOException
[2m2017-07-26 13:44:46.049[0;39m [32m INFO[0;39m Mapped "{[/home]}" onto public java.lang.String com.api.rep.rest.HomeController.irParaHome()
[2m2017-07-26 13:44:46.051[0;39m [32m INFO[0;39m Mapped "{[/cadastro/rep],methods=[PUT],consumes=[application/json;charset=UTF-8]}" onto public org.springframework.http.ResponseEntity<com.api.rep.dto.comunicacao.RepDTO> com.api.rep.rest.rep.RepRestController.salvar(com.api.rep.dto.comunicacao.RepDTO) throws com.api.rep.service.ServiceException
[2m2017-07-26 13:44:46.052[0;39m [32m INFO[0;39m Mapped "{[/cadastro/rep/{id}],methods=[DELETE],consumes=[application/json;charset=UTF-8]}" onto public org.springframework.http.ResponseEntity<java.lang.String> com.api.rep.rest.rep.RepRestController.excluir(java.lang.Integer) throws com.api.rep.service.ServiceException
[2m2017-07-26 13:44:46.052[0;39m [32m INFO[0;39m Mapped "{[/cadastro/rep],methods=[GET],produces=[application/json;charset=UTF-8]}" onto public org.springframework.http.ResponseEntity<java.util.Collection<com.api.rep.dto.comunicacao.RepDTO>> com.api.rep.rest.rep.RepRestController.buscarTodos()
[2m2017-07-26 13:44:46.053[0;39m [32m INFO[0;39m Mapped "{[/cadastro/rep],methods=[POST],consumes=[application/json;charset=UTF-8]}" onto public org.springframework.http.ResponseEntity<com.api.rep.dto.comunicacao.RepDTO> com.api.rep.rest.rep.RepRestController.salvarRep(com.api.rep.dto.comunicacao.RepDTO) throws com.api.rep.service.ServiceException
[2m2017-07-26 13:44:46.053[0;39m [32m INFO[0;39m Mapped "{[/cadastro/rep/{id}],methods=[GET],produces=[application/json;charset=UTF-8]}" onto public org.springframework.http.ResponseEntity<com.api.rep.dto.comunicacao.RepDTO> com.api.rep.rest.rep.RepRestController.buscar(java.lang.Integer)
[2m2017-07-26 13:44:46.054[0;39m [32m INFO[0;39m Mapped "{[/cadastro/rep/numserie/{numSerie}],methods=[GET],produces=[application/json;charset=UTF-8]}" onto public org.springframework.http.ResponseEntity<com.api.rep.dto.comunicacao.RepDTO> com.api.rep.rest.rep.RepRestController.buscar(java.lang.String) throws com.api.rep.service.ServiceException
[2m2017-07-26 13:44:46.055[0;39m [32m INFO[0;39m Mapped "{[/cadastro/rep/multirep],methods=[POST],consumes=[application/json;charset=UTF-8]}" onto public org.springframework.http.ResponseEntity<com.api.rep.dto.comunicacao.RepDTO> com.api.rep.rest.rep.RepRestController.salvarRepMult(com.api.rep.dto.comunicacao.RepDTO) throws com.api.rep.service.ServiceException
[2m2017-07-26 13:44:46.055[0;39m [32m INFO[0;39m Mapped "{[/cadastro/rep/monitoramento],methods=[GET],produces=[application/json;charset=UTF-8]}" onto public org.springframework.http.ResponseEntity<java.util.Collection<com.api.rep.dto.RepMonitor>> com.api.rep.rest.rep.RepRestController.buscarRepMonitoramento()
[2m2017-07-26 13:44:46.056[0;39m [32m INFO[0;39m Mapped "{[/restrict/status],methods=[POST],consumes=[multipart/form-data],produces=[application/json;charset=UTF-8]}" onto public org.springframework.http.ResponseEntity<?> com.api.rep.rest.status.StatusRestController.status(org.springframework.web.multipart.MultipartFile) throws com.api.rep.service.ServiceException,java.io.IOException
[2m2017-07-26 13:44:46.057[0;39m [32m INFO[0;39m Mapped "{[/tarefas],methods=[GET],produces=[application/json;charset=UTF-8]}" onto public org.springframework.http.ResponseEntity<?> com.api.rep.rest.status.StatusRestController.listar() throws com.api.rep.service.ServiceException,com.fasterxml.jackson.core.JsonProcessingException
[2m2017-07-26 13:44:46.057[0;39m [32m INFO[0;39m Mapped "{[/restrict/status],methods=[PUT],consumes=[application/json;charset=UTF-8]}" onto public org.springframework.http.ResponseEntity<?> com.api.rep.rest.status.StatusRestController.respostaRep(com.api.rep.dto.comunicacao.RespostaRepDTO) throws com.api.rep.service.ServiceException,com.fasterxml.jackson.core.JsonProcessingException
[2m2017-07-26 13:44:46.061[0;39m [32m INFO[0;39m Mapped "{[/error]}" onto public org.springframework.http.ResponseEntity<java.util.Map<java.lang.String, java.lang.Object>> org.springframework.boot.autoconfigure.web.BasicErrorController.error(javax.servlet.http.HttpServletRequest)
[2m2017-07-26 13:44:46.061[0;39m [32m INFO[0;39m Mapped "{[/error],produces=[text/html]}" onto public org.springframework.web.servlet.ModelAndView org.springframework.boot.autoconfigure.web.BasicErrorController.errorHtml(javax.servlet.http.HttpServletRequest,javax.servlet.http.HttpServletResponse)
[2m2017-07-26 13:44:46.139[0;39m [32m INFO[0;39m Mapped URL path [/webjars/**] onto handler of type [class org.springframework.web.servlet.resource.ResourceHttpRequestHandler]
[2m2017-07-26 13:44:46.151[0;39m [32m INFO[0;39m Mapped URL path [/**] onto handler of type [class org.springframework.web.servlet.resource.ResourceHttpRequestHandler]
[2m2017-07-26 13:44:46.508[0;39m [32m INFO[0;39m Detected @ExceptionHandler methods in controllerException
[2m2017-07-26 13:44:46.816[0;39m [32m INFO[0;39m Mapped URL path [/**/favicon.ico] onto handler of type [class org.springframework.web.servlet.resource.ResourceHttpRequestHandler]
[2m2017-07-26 13:44:46.990[0;39m [32m INFO[0;39m Adding welcome page: class path resource [static/index.html]
[2m2017-07-26 13:44:51.193[0;39m [32m INFO[0;39m LiveReload server is running on port 35729
[2m2017-07-26 13:44:51.552[0;39m [32m INFO[0;39m Registering beans for JMX exposure on startup
[2m2017-07-26 13:44:51.576[0;39m [32m INFO[0;39m No TaskScheduler/ScheduledExecutorService bean found for scheduled processing
[2m2017-07-26 13:44:53.210[0;39m [32m INFO[0;39m Tomcat started on port(s): 80 (http)
[2m2017-07-26 13:44:53.256[0;39m [32m INFO[0;39m Started RepApiApplication in 46.876 seconds (JVM running for 49.148)
